writeCommonTags: couldn't write 'year' tag to 'sandisk/wsg-worthy/[SammyClassicSonicFan] - 'Ruin everything!' - Sparta Passion Remix {Filler}.m4a' as it's not a positive integer
writeCommonTags: couldn't write 'track' tag to 'sandisk/wsg-worthy/[SammyClassicSonicFan] - 'Ruin everything!' - Sparta Passion Remix {Filler}.m4a' as it's not a positive integer
writeCommonTags: couldn't write 'year' tag to 'sandisk/wsg-worthy/4chan _Biz_ _ You're Here Forever.m4a' as it's not a positive integer
writeCommonTags: couldn't write 'track' tag to 'sandisk/wsg-worthy/4chan _Biz_ _ You're Here Forever.m4a' as it's not a positive integer
writeCommonTags: couldn't write 'year' tag to 'sandisk/wsg-worthy/4CHAN_ROW ROW FIGHT THE POWAH_IWASAKI TAROU REMIX.m4a' as it's not a positive integer
writeCommonTags: couldn't write 'track' tag to 'sandisk/wsg-worthy/4CHAN_ROW ROW FIGHT THE POWAH_IWASAKI TAROU REMIX.m4a' as it's not a positive integer
writeCommonTags: couldn't write 'year' tag to 'sandisk/wsg-worthy/A Certain Magical Index OST 2 - Imagine Breaker.m4a' as it's not a positive integer
writeCommonTags: couldn't write 'track' tag to 'sandisk/wsg-worthy/A Certain Magical Index OST 2 - Imagine Breaker.m4a' as it's not a positive integer
writeCommonTags: couldn't write 'year' tag to 'sandisk/wsg-worthy/a_ Bunch of Faggots Sing for Moot.m4a' as it's not a positive integer
writeCommonTags: couldn't write 'track' tag to 'sandisk/wsg-worthy/a_ Bunch of Faggots Sing for Moot.m4a' as it's not a positive integer
writeCommonTags: couldn't write 'year' tag to 'sandisk/wsg-worthy/CHON - Perfect Pillow.m4a' as it's not a positive integer
writeCommonTags: couldn't write 'track' tag to 'sandisk/wsg-worthy/CHON - Perfect Pillow.m4a' as it's not a positive integer
writeCommonTags: couldn't write 'year' tag to 'sandisk/wsg-worthy/Deep Purple - Highway Star Lyrics.m4a' as it's not a positive integer
writeCommonTags: couldn't write 'track' tag to 'sandisk/wsg-worthy/Deep Purple - Highway Star Lyrics.m4a' as it's not a positive integer
writeCommonTags: couldn't write 'year' tag to 'sandisk/wsg-worthy/Fukashigi no TRUMPET 🎺🎺.m4a' as it's not a positive integer
writeCommonTags: couldn't write 'track' tag to 'sandisk/wsg-worthy/Fukashigi no TRUMPET 🎺🎺.m4a' as it's not a positive integer
writeCommonTags: couldn't write 'year' tag to 'sandisk/wsg-worthy/Goldfinger - Superman (With Lyrics).m4a' as it's not a positive integer
writeCommonTags: couldn't write 'track' tag to 'sandisk/wsg-worthy/Goldfinger - Superman (With Lyrics).m4a' as it's not a positive integer
writeCommonTags: couldn't write 'year' tag to 'sandisk/wsg-worthy/Hentai Dude - Tokyo Chopp [Moe Shop Remix, ft. Shiki(TMNS)].m4a' as it's not a positive integer
writeCommonTags: couldn't write 'track' tag to 'sandisk/wsg-worthy/Hentai Dude - Tokyo Chopp [Moe Shop Remix, ft. Shiki(TMNS)].m4a' as it's not a positive integer
writeCommonTags: couldn't write 'year' tag to 'sandisk/wsg-worthy/How to protect your online privacy in 2018 _ From noob to pro in 14 minutes or less _ Tutorial.m4a' as it's not a positive integer
writeCommonTags: couldn't write 'track' tag to 'sandisk/wsg-worthy/How to protect your online privacy in 2018 _ From noob to pro in 14 minutes or less _ Tutorial.m4a' as it's not a positive integer
writeCommonTags: couldn't write 'year' tag to 'sandisk/wsg-worthy/I Can't Wait.m4a' as it's not a positive integer
writeCommonTags: couldn't write 'track' tag to 'sandisk/wsg-worthy/I Can't Wait.m4a' as it's not a positive integer
writeCommonTags: couldn't write 'year' tag to 'sandisk/wsg-worthy/Jimothy Lacoste - I CAN SPEAK SPANISH (Prod by. Jimothy Lacoste).m4a' as it's not a positive integer
writeCommonTags: couldn't write 'track' tag to 'sandisk/wsg-worthy/Jimothy Lacoste - I CAN SPEAK SPANISH (Prod by. Jimothy Lacoste).m4a' as it's not a positive integer
writeCommonTags: couldn't write 'year' tag to 'sandisk/wsg-worthy/Judas Priest - Breaking The Law (Official Music Video).m4a' as it's not a positive integer
writeCommonTags: couldn't write 'track' tag to 'sandisk/wsg-worthy/Judas Priest - Breaking The Law (Official Music Video).m4a' as it's not a positive integer
writeCommonTags: couldn't write 'year' tag to 'sandisk/wsg-worthy/moot's final 4chan Q&A.m4a' as it's not a positive integer
writeCommonTags: couldn't write 'track' tag to 'sandisk/wsg-worthy/moot's final 4chan Q&A.m4a' as it's not a positive integer
writeCommonTags: couldn't write 'year' tag to 'sandisk/wsg-worthy/MY ASS, YOUR COCK. YOU DO THE MATH..m4a' as it's not a positive integer
writeCommonTags: couldn't write 'track' tag to 'sandisk/wsg-worthy/MY ASS, YOUR COCK. YOU DO THE MATH..m4a' as it's not a positive integer
writeCommonTags: couldn't write 'year' tag to 'sandisk/wsg-worthy/NATE CLARKE - I'm gonna throw myself off a fucking cliff [music video].m4a' as it's not a positive integer
writeCommonTags: couldn't write 'track' tag to 'sandisk/wsg-worthy/NATE CLARKE - I'm gonna throw myself off a fucking cliff [music video].m4a' as it's not a positive integer
writeCommonTags: couldn't write 'year' tag to 'sandisk/wsg-worthy/Neon Genesis Evangelion (N64) -01 Next Episode.m4a' as it's not a positive integer
writeCommonTags: couldn't write 'track' tag to 'sandisk/wsg-worthy/Neon Genesis Evangelion (N64) -01 Next Episode.m4a' as it's not a positive integer
writeCommonTags: couldn't write 'year' tag to 'sandisk/wsg-worthy/New Boyz 'You're A Jerk' OFFICIAL Music Video HD Extended _ Uncensored _Skee.TV.m4a' as it's not a positive integer
writeCommonTags: couldn't write 'track' tag to 'sandisk/wsg-worthy/New Boyz 'You're A Jerk' OFFICIAL Music Video HD Extended _ Uncensored _Skee.TV.m4a' as it's not a positive integer
writeCommonTags: couldn't write 'year' tag to 'sandisk/wsg-worthy/Oh Yeah.m4a' as it's not a positive integer
writeCommonTags: couldn't write 'track' tag to 'sandisk/wsg-worthy/Oh Yeah.m4a' as it's not a positive integer
writeCommonTags: couldn't write 'year' tag to 'sandisk/wsg-worthy/Oliver Tree - Alien Boy _ lyrics.m4a' as it's not a positive integer
writeCommonTags: couldn't write 'track' tag to 'sandisk/wsg-worthy/Oliver Tree - Alien Boy _ lyrics.m4a' as it's not a positive integer
writeCommonTags: couldn't write 'year' tag to 'sandisk/wsg-worthy/On moving - I've made a BIG mistake..m4a' as it's not a positive integer
writeCommonTags: couldn't write 'track' tag to 'sandisk/wsg-worthy/On moving - I've made a BIG mistake..m4a' as it's not a positive integer
writeCommonTags: couldn't write 'year' tag to 'sandisk/wsg-worthy/Papers, Please - Theme Song.m4a' as it's not a positive integer
writeCommonTags: couldn't write 'track' tag to 'sandisk/wsg-worthy/Papers, Please - Theme Song.m4a' as it's not a positive integer
writeCommonTags: couldn't write 'year' tag to 'sandisk/wsg-worthy/Playstation 2 Startup Noise.m4a' as it's not a positive integer
writeCommonTags: couldn't write 'track' tag to 'sandisk/wsg-worthy/Playstation 2 Startup Noise.m4a' as it's not a positive integer
writeCommonTags: couldn't write 'year' tag to 'sandisk/wsg-worthy/pol_'s Paris Happening Theme.m4a' as it's not a positive integer
writeCommonTags: couldn't write 'track' tag to 'sandisk/wsg-worthy/pol_'s Paris Happening Theme.m4a' as it's not a positive integer
writeCommonTags: couldn't write 'year' tag to 'sandisk/wsg-worthy/The Psychedelic Furs - Love My Way (Official Video).m4a' as it's not a positive integer
writeCommonTags: couldn't write 'track' tag to 'sandisk/wsg-worthy/The Psychedelic Furs - Love My Way (Official Video).m4a' as it's not a positive integer
writeCommonTags: couldn't write 'year' tag to 'sandisk/wsg-worthy/r9k_ Writes a song for the feels.m4a' as it's not a positive integer
writeCommonTags: couldn't write 'track' tag to 'sandisk/wsg-worthy/r9k_ Writes a song for the feels.m4a' as it's not a positive integer
writeCommonTags: couldn't write 'year' tag to 'sandisk/wsg-worthy/Robin Williams Saying 'Neon Genesis Evangelion'.m4a' as it's not a positive integer
writeCommonTags: couldn't write 'track' tag to 'sandisk/wsg-worthy/Robin Williams Saying 'Neon Genesis Evangelion'.m4a' as it's not a positive integer
writeCommonTags: couldn't write 'year' tag to 'sandisk/wsg-worthy/Shibayan Records x deadman 死人 - Tiny Little Adiantum (Remix) [Omae Wa Mou].m4a' as it's not a positive integer
writeCommonTags: couldn't write 'track' tag to 'sandisk/wsg-worthy/Shibayan Records x deadman 死人 - Tiny Little Adiantum (Remix) [Omae Wa Mou].m4a' as it's not a positive integer
writeCommonTags: couldn't write 'year' tag to 'sandisk/wsg-worthy/Shinji, Get in the Fucking Robot.m4a' as it's not a positive integer
writeCommonTags: couldn't write 'track' tag to 'sandisk/wsg-worthy/Shinji, Get in the Fucking Robot.m4a' as it's not a positive integer
writeCommonTags: couldn't write 'year' tag to 'sandisk/wsg-worthy/Super Mario 64 - Piranha Plant Sleeping Music.m4a' as it's not a positive integer
writeCommonTags: couldn't write 'track' tag to 'sandisk/wsg-worthy/Super Mario 64 - Piranha Plant Sleeping Music.m4a' as it's not a positive integer
writeCommonTags: couldn't write 'year' tag to 'sandisk/wsg-worthy/TempleOS Hymn - Risen.m4a' as it's not a positive integer
writeCommonTags: couldn't write 'track' tag to 'sandisk/wsg-worthy/TempleOS Hymn - Risen.m4a' as it's not a positive integer
writeCommonTags: couldn't write 'year' tag to 'sandisk/wsg-worthy/Why Japanese Don't Like Foreigners Living in Japan.m4a' as it's not a positive integer
writeCommonTags: couldn't write 'track' tag to 'sandisk/wsg-worthy/Why Japanese Don't Like Foreigners Living in Japan.m4a' as it's not a positive integer
writeCommonTags: couldn't write 'year' tag to 'sandisk/wsg-worthy/Wilson's Departure  - Cast Away.m4a' as it's not a positive integer
writeCommonTags: couldn't write 'track' tag to 'sandisk/wsg-worthy/Wilson's Departure  - Cast Away.m4a' as it's not a positive integer
writeCommonTags: couldn't write 'year' tag to 'sandisk/wsg-worthy/You're faggot Harry.m4a' as it's not a positive integer
writeCommonTags: couldn't write 'track' tag to 'sandisk/wsg-worthy/You're faggot Harry.m4a' as it's not a positive integer
writeCommonTags: couldn't write 'year' tag to 'sandisk/wsg-worthy/Молчат Дома (Molchat Doma) - Судно (Sudno).m4a' as it's not a positive integer
writeCommonTags: couldn't write 'track' tag to 'sandisk/wsg-worthy/Молчат Дома (Molchat Doma) - Судно (Sudno).m4a' as it's not a positive integer
writeCommonTags: couldn't write 'year' tag to 'sandisk/wsg-worthy/пl3nk▲ - просто смотрю на мир;3.m4a' as it's not a positive integer
writeCommonTags: couldn't write 'track' tag to 'sandisk/wsg-worthy/пl3nk▲ - просто смотрю на мир;3.m4a' as it's not a positive integer
writeCommonTags: couldn't write 'year' tag to 'sandisk/wsg-worthy/[SammyClassicSonicFan] - 'Ruin everything!' - Sparta Passion Remix {Filler}.m4a' as it's not a positive integer
writeCommonTags: couldn't write 'track' tag to 'sandisk/wsg-worthy/[SammyClassicSonicFan] - 'Ruin everything!' - Sparta Passion Remix {Filler}.m4a' as it's not a positive integer
writeCommonTags: couldn't write 'year' tag to 'sandisk/wsg-worthy/4chan _Biz_ _ You're Here Forever.m4a' as it's not a positive integer
writeCommonTags: couldn't write 'track' tag to 'sandisk/wsg-worthy/4chan _Biz_ _ You're Here Forever.m4a' as it's not a positive integer
writeCommonTags: couldn't write 'year' tag to 'sandisk/wsg-worthy/4CHAN_ROW ROW FIGHT THE POWAH_IWASAKI TAROU REMIX.m4a' as it's not a positive integer
writeCommonTags: couldn't write 'track' tag to 'sandisk/wsg-worthy/4CHAN_ROW ROW FIGHT THE POWAH_IWASAKI TAROU REMIX.m4a' as it's not a positive integer
writeCommonTags: couldn't write 'year' tag to 'sandisk/wsg-worthy/A Certain Magical Index OST 2 - Imagine Breaker.m4a' as it's not a positive integer
writeCommonTags: couldn't write 'track' tag to 'sandisk/wsg-worthy/A Certain Magical Index OST 2 - Imagine Breaker.m4a' as it's not a positive integer
writeCommonTags: couldn't write 'year' tag to 'sandisk/wsg-worthy/a_ Bunch of Faggots Sing for Moot.m4a' as it's not a positive integer
writeCommonTags: couldn't write 'track' tag to 'sandisk/wsg-worthy/a_ Bunch of Faggots Sing for Moot.m4a' as it's not a positive integer
writeCommonTags: couldn't write 'year' tag to 'sandisk/wsg-worthy/CHON - Perfect Pillow.m4a' as it's not a positive integer
writeCommonTags: couldn't write 'track' tag to 'sandisk/wsg-worthy/CHON - Perfect Pillow.m4a' as it's not a positive integer
writeCommonTags: couldn't write 'year' tag to 'sandisk/wsg-worthy/Deep Purple - Highway Star Lyrics.m4a' as it's not a positive integer
writeCommonTags: couldn't write 'track' tag to 'sandisk/wsg-worthy/Deep Purple - Highway Star Lyrics.m4a' as it's not a positive integer
writeCommonTags: couldn't write 'year' tag to 'sandisk/wsg-worthy/Fukashigi no TRUMPET 🎺🎺.m4a' as it's not a positive integer
writeCommonTags: couldn't write 'track' tag to 'sandisk/wsg-worthy/Fukashigi no TRUMPET 🎺🎺.m4a' as it's not a positive integer
writeCommonTags: couldn't write 'year' tag to 'sandisk/wsg-worthy/Goldfinger - Superman (With Lyrics).m4a' as it's not a positive integer
writeCommonTags: couldn't write 'track' tag to 'sandisk/wsg-worthy/Goldfinger - Superman (With Lyrics).m4a' as it's not a positive integer
writeCommonTags: couldn't write 'year' tag to 'sandisk/wsg-worthy/Hentai Dude - Tokyo Chopp [Moe Shop Remix, ft. Shiki(TMNS)].m4a' as it's not a positive integer
writeCommonTags: couldn't write 'track' tag to 'sandisk/wsg-worthy/Hentai Dude - Tokyo Chopp [Moe Shop Remix, ft. Shiki(TMNS)].m4a' as it's not a positive integer
writeCommonTags: couldn't write 'year' tag to 'sandisk/wsg-worthy/How to protect your online privacy in 2018 _ From noob to pro in 14 minutes or less _ Tutorial.m4a' as it's not a positive integer
writeCommonTags: couldn't write 'track' tag to 'sandisk/wsg-worthy/How to protect your online privacy in 2018 _ From noob to pro in 14 minutes or less _ Tutorial.m4a' as it's not a positive integer
writeCommonTags: couldn't write 'year' tag to 'sandisk/wsg-worthy/I Can't Wait.m4a' as it's not a positive integer
writeCommonTags: couldn't write 'track' tag to 'sandisk/wsg-worthy/I Can't Wait.m4a' as it's not a positive integer
writeCommonTags: couldn't write 'year' tag to 'sandisk/wsg-worthy/Jimothy Lacoste - I CAN SPEAK SPANISH (Prod by. Jimothy Lacoste).m4a' as it's not a positive integer
writeCommonTags: couldn't write 'track' tag to 'sandisk/wsg-worthy/Jimothy Lacoste - I CAN SPEAK SPANISH (Prod by. Jimothy Lacoste).m4a' as it's not a positive integer
writeCommonTags: couldn't write 'year' tag to 'sandisk/wsg-worthy/Judas Priest - Breaking The Law (Official Music Video).m4a' as it's not a positive integer
writeCommonTags: couldn't write 'track' tag to 'sandisk/wsg-worthy/Judas Priest - Breaking The Law (Official Music Video).m4a' as it's not a positive integer
writeCommonTags: couldn't write 'year' tag to 'sandisk/wsg-worthy/moot's final 4chan Q&A.m4a' as it's not a positive integer
writeCommonTags: couldn't write 'track' tag to 'sandisk/wsg-worthy/moot's final 4chan Q&A.m4a' as it's not a positive integer
writeCommonTags: couldn't write 'year' tag to 'sandisk/wsg-worthy/MY ASS, YOUR COCK. YOU DO THE MATH..m4a' as it's not a positive integer
writeCommonTags: couldn't write 'track' tag to 'sandisk/wsg-worthy/MY ASS, YOUR COCK. YOU DO THE MATH..m4a' as it's not a positive integer
writeCommonTags: couldn't write 'year' tag to 'sandisk/wsg-worthy/NATE CLARKE - I'm gonna throw myself off a fucking cliff [music video].m4a' as it's not a positive integer
writeCommonTags: couldn't write 'track' tag to 'sandisk/wsg-worthy/NATE CLARKE - I'm gonna throw myself off a fucking cliff [music video].m4a' as it's not a positive integer
writeCommonTags: couldn't write 'year' tag to 'sandisk/wsg-worthy/Neon Genesis Evangelion (N64) -01 Next Episode.m4a' as it's not a positive integer
writeCommonTags: couldn't write 'track' tag to 'sandisk/wsg-worthy/Neon Genesis Evangelion (N64) -01 Next Episode.m4a' as it's not a positive integer
writeCommonTags: couldn't write 'year' tag to 'sandisk/wsg-worthy/New Boyz 'You're A Jerk' OFFICIAL Music Video HD Extended _ Uncensored _Skee.TV.m4a' as it's not a positive integer
writeCommonTags: couldn't write 'track' tag to 'sandisk/wsg-worthy/New Boyz 'You're A Jerk' OFFICIAL Music Video HD Extended _ Uncensored _Skee.TV.m4a' as it's not a positive integer
writeCommonTags: couldn't write 'year' tag to 'sandisk/wsg-worthy/Oh Yeah.m4a' as it's not a positive integer
writeCommonTags: couldn't write 'track' tag to 'sandisk/wsg-worthy/Oh Yeah.m4a' as it's not a positive integer
writeCommonTags: couldn't write 'year' tag to 'sandisk/wsg-worthy/Oliver Tree - Alien Boy _ lyrics.m4a' as it's not a positive integer
writeCommonTags: couldn't write 'track' tag to 'sandisk/wsg-worthy/Oliver Tree - Alien Boy _ lyrics.m4a' as it's not a positive integer
writeCommonTags: couldn't write 'year' tag to 'sandisk/wsg-worthy/On moving - I've made a BIG mistake..m4a' as it's not a positive integer
writeCommonTags: couldn't write 'track' tag to 'sandisk/wsg-worthy/On moving - I've made a BIG mistake..m4a' as it's not a positive integer
writeCommonTags: couldn't write 'year' tag to 'sandisk/wsg-worthy/Papers, Please - Theme Song.m4a' as it's not a positive integer
writeCommonTags: couldn't write 'track' tag to 'sandisk/wsg-worthy/Papers, Please - Theme Song.m4a' as it's not a positive integer
writeCommonTags: couldn't write 'year' tag to 'sandisk/wsg-worthy/Playstation 2 Startup Noise.m4a' as it's not a positive integer
writeCommonTags: couldn't write 'track' tag to 'sandisk/wsg-worthy/Playstation 2 Startup Noise.m4a' as it's not a positive integer
writeCommonTags: couldn't write 'year' tag to 'sandisk/wsg-worthy/pol_'s Paris Happening Theme.m4a' as it's not a positive integer
writeCommonTags: couldn't write 'track' tag to 'sandisk/wsg-worthy/pol_'s Paris Happening Theme.m4a' as it's not a positive integer
writeCommonTags: couldn't write 'year' tag to 'sandisk/wsg-worthy/The Psychedelic Furs - Love My Way (Official Video).m4a' as it's not a positive integer
writeCommonTags: couldn't write 'track' tag to 'sandisk/wsg-worthy/The Psychedelic Furs - Love My Way (Official Video).m4a' as it's not a positive integer
writeCommonTags: couldn't write 'year' tag to 'sandisk/wsg-worthy/r9k_ Writes a song for the feels.m4a' as it's not a positive integer
writeCommonTags: couldn't write 'track' tag to 'sandisk/wsg-worthy/r9k_ Writes a song for the feels.m4a' as it's not a positive integer
writeCommonTags: couldn't write 'year' tag to 'sandisk/wsg-worthy/Robin Williams Saying 'Neon Genesis Evangelion'.m4a' as it's not a positive integer
writeCommonTags: couldn't write 'track' tag to 'sandisk/wsg-worthy/Robin Williams Saying 'Neon Genesis Evangelion'.m4a' as it's not a positive integer
writeCommonTags: couldn't write 'year' tag to 'sandisk/wsg-worthy/Shibayan Records x deadman 死人 - Tiny Little Adiantum (Remix) [Omae Wa Mou].m4a' as it's not a positive integer
writeCommonTags: couldn't write 'track' tag to 'sandisk/wsg-worthy/Shibayan Records x deadman 死人 - Tiny Little Adiantum (Remix) [Omae Wa Mou].m4a' as it's not a positive integer
writeCommonTags: couldn't write 'year' tag to 'sandisk/wsg-worthy/Shinji, Get in the Fucking Robot.m4a' as it's not a positive integer
writeCommonTags: couldn't write 'track' tag to 'sandisk/wsg-worthy/Shinji, Get in the Fucking Robot.m4a' as it's not a positive integer
writeCommonTags: couldn't write 'year' tag to 'sandisk/wsg-worthy/Super Mario 64 - Piranha Plant Sleeping Music.m4a' as it's not a positive integer
writeCommonTags: couldn't write 'track' tag to 'sandisk/wsg-worthy/Super Mario 64 - Piranha Plant Sleeping Music.m4a' as it's not a positive integer
writeCommonTags: couldn't write 'year' tag to 'sandisk/wsg-worthy/TempleOS Hymn - Risen.m4a' as it's not a positive integer
writeCommonTags: couldn't write 'track' tag to 'sandisk/wsg-worthy/TempleOS Hymn - Risen.m4a' as it's not a positive integer
writeCommonTags: couldn't write 'year' tag to 'sandisk/wsg-worthy/Why Japanese Don't Like Foreigners Living in Japan.m4a' as it's not a positive integer
writeCommonTags: couldn't write 'track' tag to 'sandisk/wsg-worthy/Why Japanese Don't Like Foreigners Living in Japan.m4a' as it's not a positive integer
writeCommonTags: couldn't write 'year' tag to 'sandisk/wsg-worthy/Wilson's Departure  - Cast Away.m4a' as it's not a positive integer
writeCommonTags: couldn't write 'track' tag to 'sandisk/wsg-worthy/Wilson's Departure  - Cast Away.m4a' as it's not a positive integer
writeCommonTags: couldn't write 'year' tag to 'sandisk/wsg-worthy/You're faggot Harry.m4a' as it's not a positive integer
writeCommonTags: couldn't write 'track' tag to 'sandisk/wsg-worthy/You're faggot Harry.m4a' as it's not a positive integer
writeCommonTags: couldn't write 'year' tag to 'sandisk/wsg-worthy/Молчат Дома (Molchat Doma) - Судно (Sudno).m4a' as it's not a positive integer
writeCommonTags: couldn't write 'track' tag to 'sandisk/wsg-worthy/Молчат Дома (Molchat Doma) - Судно (Sudno).m4a' as it's not a positive integer
writeCommonTags: couldn't write 'year' tag to 'sandisk/wsg-worthy/пl3nk▲ - просто смотрю на мир;3.m4a' as it's not a positive integer
writeCommonTags: couldn't write 'track' tag to 'sandisk/wsg-worthy/пl3nk▲ - просто смотрю на мир;3.m4a' as it's not a positive integer
writeCommonTags: couldn't write 'year' tag to 'sandisk/youtube/4chan 4evar.m4a' as it's not a positive integer
writeCommonTags: couldn't write 'track' tag to 'sandisk/youtube/4chan 4evar.m4a' as it's not a positive integer
writeCommonTags: couldn't write 'year' tag to 'sandisk/youtube/4chan 4evar.m4a' as it's not a positive integer
writeCommonTags: couldn't write 'track' tag to 'sandisk/youtube/4chan 4evar.m4a' as it's not a positive integer
writeCommonTags: couldn't write 'year' tag to 'sandisk/youtube/4chan 4evar.m4a' as it's not a positive integer
writeCommonTags: couldn't write 'track' tag to 'sandisk/youtube/4chan 4evar.m4a' as it's not a positive integer
writeCommonTags: couldn't write 'year' tag to 'sandisk/youtube/a_ sings - [COLORS - FLOW] [Code Geass OP 1].m4a' as it's not a positive integer
writeCommonTags: couldn't write 'track' tag to 'sandisk/youtube/a_ sings - [COLORS - FLOW] [Code Geass OP 1].m4a' as it's not a positive integer
writeCommonTags: couldn't write 'year' tag to 'sandisk/youtube/aarigod - Dream Sign.m4a' as it's not a positive integer
writeCommonTags: couldn't write 'track' tag to 'sandisk/youtube/aarigod - Dream Sign.m4a' as it's not a positive integer
writeCommonTags: couldn't write 'year' tag to 'sandisk/youtube/Azumanga Daioh ~ HD Opening [True HD, 720p].m4a' as it's not a positive integer
writeCommonTags: couldn't write 'track' tag to 'sandisk/youtube/Azumanga Daioh ~ HD Opening [True HD, 720p].m4a' as it's not a positive integer
writeCommonTags: couldn't write 'year' tag to 'sandisk/youtube/Bane - For You ft. CIA (Phillip Phillips).m4a' as it's not a positive integer
writeCommonTags: couldn't write 'track' tag to 'sandisk/youtube/Bane - For You ft. CIA (Phillip Phillips).m4a' as it's not a positive integer
writeCommonTags: couldn't write 'year' tag to 'sandisk/youtube/bane vocaroo.m4a' as it's not a positive integer
writeCommonTags: couldn't write 'track' tag to 'sandisk/youtube/bane vocaroo.m4a' as it's not a positive integer
writeCommonTags: couldn't write 'year' tag to 'sandisk/youtube/Miki Matsubara- Mayonaka No Door (Stay With Me) Lyrics.m4a' as it's not a positive integer
writeCommonTags: couldn't write 'track' tag to 'sandisk/youtube/Miki Matsubara- Mayonaka No Door (Stay With Me) Lyrics.m4a' as it's not a positive integer
writeCommonTags: couldn't write 'year' tag to 'sandisk/youtube/Shawn Wasabi - princess peach [Official Audio].m4a' as it's not a positive integer
writeCommonTags: couldn't write 'track' tag to 'sandisk/youtube/Shawn Wasabi - princess peach [Official Audio].m4a' as it's not a positive integer
writeCommonTags: couldn't write 'year' tag to 'sandisk/youtube/wowaka - World's End Dancehall [ROCKETMAN Remix].m4a' as it's not a positive integer
writeCommonTags: couldn't write 'track' tag to 'sandisk/youtube/wowaka - World's End Dancehall [ROCKETMAN Remix].m4a' as it's not a positive integer
writeCommonTags: couldn't write 'year' tag to 'sandisk/youtube/playlists/bomberman-hero-ost/Bomberman Hero OST - Beak.m4a' as it's not a positive integer
writeCommonTags: couldn't write 'track' tag to 'sandisk/youtube/playlists/bomberman-hero-ost/Bomberman Hero OST - Beak.m4a' as it's not a positive integer
writeCommonTags: couldn't write 'year' tag to 'sandisk/youtube/playlists/bomberman-hero-ost/Bomberman Hero OST - Cell.m4a' as it's not a positive integer
writeCommonTags: couldn't write 'track' tag to 'sandisk/youtube/playlists/bomberman-hero-ost/Bomberman Hero OST - Cell.m4a' as it's not a positive integer
writeCommonTags: couldn't write 'year' tag to 'sandisk/youtube/playlists/bomberman-hero-ost/Bomberman Hero OST - Cell.m4a' as it's not a positive integer
writeCommonTags: couldn't write 'track' tag to 'sandisk/youtube/playlists/bomberman-hero-ost/Bomberman Hero OST - Cell.m4a' as it's not a positive integer
writeCommonTags: couldn't write 'year' tag to 'sandisk/youtube/playlists/bomberman-hero-ost/Bomberman Hero OST - Dessert.m4a' as it's not a positive integer
writeCommonTags: couldn't write 'track' tag to 'sandisk/youtube/playlists/bomberman-hero-ost/Bomberman Hero OST - Dessert.m4a' as it's not a positive integer
writeCommonTags: couldn't write 'year' tag to 'sandisk/youtube/playlists/bomberman-hero-ost/Bomberman Hero OST - Dessert.m4a' as it's not a positive integer
writeCommonTags: couldn't write 'track' tag to 'sandisk/youtube/playlists/bomberman-hero-ost/Bomberman Hero OST - Dessert.m4a' as it's not a positive integer
writeCommonTags: couldn't write 'year' tag to 'sandisk/youtube/playlists/bomberman-hero-ost/Bomberman Hero OST - Fatidic.m4a' as it's not a positive integer
writeCommonTags: couldn't write 'track' tag to 'sandisk/youtube/playlists/bomberman-hero-ost/Bomberman Hero OST - Fatidic.m4a' as it's not a positive integer
writeCommonTags: couldn't write 'year' tag to 'sandisk/youtube/playlists/bomberman-hero-ost/Bomberman Hero OST - Foehn.m4a' as it's not a positive integer
writeCommonTags: couldn't write 'track' tag to 'sandisk/youtube/playlists/bomberman-hero-ost/Bomberman Hero OST - Foehn.m4a' as it's not a positive integer
writeCommonTags: couldn't write 'year' tag to 'sandisk/youtube/playlists/bomberman-hero-ost/Bomberman Hero OST - Landlord.m4a' as it's not a positive integer
writeCommonTags: couldn't write 'track' tag to 'sandisk/youtube/playlists/bomberman-hero-ost/Bomberman Hero OST - Landlord.m4a' as it's not a positive integer
writeCommonTags: couldn't write 'year' tag to 'sandisk/youtube/playlists/bomberman-hero-ost/Bomberman Hero OST - Milky.m4a' as it's not a positive integer
writeCommonTags: couldn't write 'track' tag to 'sandisk/youtube/playlists/bomberman-hero-ost/Bomberman Hero OST - Milky.m4a' as it's not a positive integer
writeCommonTags: couldn't write 'year' tag to 'sandisk/youtube/playlists/bomberman-hero-ost/Bomberman Hero OST - Milky.m4a' as it's not a positive integer
writeCommonTags: couldn't write 'track' tag to 'sandisk/youtube/playlists/bomberman-hero-ost/Bomberman Hero OST - Milky.m4a' as it's not a positive integer
writeCommonTags: couldn't write 'year' tag to 'sandisk/youtube/playlists/bomberman-hero-ost/Bomberman Hero OST - Mimesis.m4a' as it's not a positive integer
writeCommonTags: couldn't write 'track' tag to 'sandisk/youtube/playlists/bomberman-hero-ost/Bomberman Hero OST - Mimesis.m4a' as it's not a positive integer
writeCommonTags: couldn't write 'year' tag to 'sandisk/youtube/playlists/bomberman-hero-ost/Bomberman Hero OST - Monogenic.m4a' as it's not a positive integer
writeCommonTags: couldn't write 'track' tag to 'sandisk/youtube/playlists/bomberman-hero-ost/Bomberman Hero OST - Monogenic.m4a' as it's not a positive integer
writeCommonTags: couldn't write 'year' tag to 'sandisk/youtube/playlists/bomberman-hero-ost/Bomberman Hero OST - Ooze.m4a' as it's not a positive integer
writeCommonTags: couldn't write 'track' tag to 'sandisk/youtube/playlists/bomberman-hero-ost/Bomberman Hero OST - Ooze.m4a' as it's not a positive integer
writeCommonTags: couldn't write 'year' tag to 'sandisk/youtube/playlists/bomberman-hero-ost/Bomberman Hero OST - Ooze.m4a' as it's not a positive integer
writeCommonTags: couldn't write 'track' tag to 'sandisk/youtube/playlists/bomberman-hero-ost/Bomberman Hero OST - Ooze.m4a' as it's not a positive integer
writeCommonTags: couldn't write 'year' tag to 'sandisk/youtube/playlists/bomberman-hero-ost/Bomberman Hero OST - Realtor.m4a' as it's not a positive integer
writeCommonTags: couldn't write 'track' tag to 'sandisk/youtube/playlists/bomberman-hero-ost/Bomberman Hero OST - Realtor.m4a' as it's not a positive integer
writeCommonTags: couldn't write 'year' tag to 'sandisk/youtube/playlists/bomberman-hero-ost/Bomberman Hero OST - Redial.m4a' as it's not a positive integer
writeCommonTags: couldn't write 'track' tag to 'sandisk/youtube/playlists/bomberman-hero-ost/Bomberman Hero OST - Redial.m4a' as it's not a positive integer
writeCommonTags: couldn't write 'year' tag to 'sandisk/youtube/playlists/bomberman-hero-ost/Bomberman Hero OST - Oropharynx.m4a' as it's not a positive integer
writeCommonTags: couldn't write 'track' tag to 'sandisk/youtube/playlists/bomberman-hero-ost/Bomberman Hero OST - Oropharynx.m4a' as it's not a positive integer
writeCommonTags: couldn't write 'year' tag to 'sandisk/youtube/playlists/bomberman-hero-ost/Bomberman Hero OST - Spiral.m4a' as it's not a positive integer
writeCommonTags: couldn't write 'track' tag to 'sandisk/youtube/playlists/bomberman-hero-ost/Bomberman Hero OST - Spiral.m4a' as it's not a positive integer
writeCommonTags: couldn't write 'year' tag to 'sandisk/youtube/playlists/bomberman-hero-ost/Bomberman Hero OST - Spiral.m4a' as it's not a positive integer
writeCommonTags: couldn't write 'track' tag to 'sandisk/youtube/playlists/bomberman-hero-ost/Bomberman Hero OST - Spiral.m4a' as it's not a positive integer
writeCommonTags: couldn't write 'year' tag to 'sandisk/youtube/playlists/bomberman-hero-ost/Bomberman Hero OST - Supplement.m4a' as it's not a positive integer
writeCommonTags: couldn't write 'track' tag to 'sandisk/youtube/playlists/bomberman-hero-ost/Bomberman Hero OST - Supplement.m4a' as it's not a positive integer
writeCommonTags: couldn't write 'year' tag to 'sandisk/youtube/playlists/bomberman-hero-ost/Bomberman Hero OST - Supplement.m4a' as it's not a positive integer
writeCommonTags: couldn't write 'track' tag to 'sandisk/youtube/playlists/bomberman-hero-ost/Bomberman Hero OST - Supplement.m4a' as it's not a positive integer
writeCommonTags: couldn't write 'year' tag to 'sandisk/youtube/playlists/bomberman-hero-ost/Bomberman Hero OST - Tripod.m4a' as it's not a positive integer
writeCommonTags: couldn't write 'track' tag to 'sandisk/youtube/playlists/bomberman-hero-ost/Bomberman Hero OST - Tripod.m4a' as it's not a positive integer
writeCommonTags: couldn't write 'year' tag to 'sandisk/youtube/playlists/bomberman-hero-ost/Bomberman Hero OST - Tripod.m4a' as it's not a positive integer
writeCommonTags: couldn't write 'track' tag to 'sandisk/youtube/playlists/bomberman-hero-ost/Bomberman Hero OST - Tripod.m4a' as it's not a positive integer
writeCommonTags: couldn't write 'year' tag to 'sandisk/youtube/playlists/bomberman-hero-ost/Bomberman Hero OST - Wok.m4a' as it's not a positive integer
writeCommonTags: couldn't write 'track' tag to 'sandisk/youtube/playlists/bomberman-hero-ost/Bomberman Hero OST - Wok.m4a' as it's not a positive integer
writeCommonTags: couldn't write 'year' tag to 'sandisk/youtube/playlists/bomberman-hero-ost/Bomberman Hero OST - Zip.m4a' as it's not a positive integer
writeCommonTags: couldn't write 'track' tag to 'sandisk/youtube/playlists/bomberman-hero-ost/Bomberman Hero OST - Zip.m4a' as it's not a positive integer
writeCommonTags: couldn't write 'year' tag to 'sandisk/youtube/playlists/bomberman-hero-ost/Bomberman Hero OST - Zip.m4a' as it's not a positive integer
writeCommonTags: couldn't write 'track' tag to 'sandisk/youtube/playlists/bomberman-hero-ost/Bomberman Hero OST - Zip.m4a' as it's not a positive integer
writeCommonTags: couldn't write 'year' tag to 'sandisk/youtube/playlists/bomberman-hero-ost/Bomberman Hero OST - Zip.m4a' as it's not a positive integer
writeCommonTags: couldn't write 'track' tag to 'sandisk/youtube/playlists/bomberman-hero-ost/Bomberman Hero OST - Zip.m4a' as it's not a positive integer
writeCommonTags: couldn't write 'year' tag to 'sandisk/youtube/playlists/bomberman-hero-ost/Bomberman Hero OST - Beak.m4a' as it's not a positive integer
writeCommonTags: couldn't write 'track' tag to 'sandisk/youtube/playlists/bomberman-hero-ost/Bomberman Hero OST - Beak.m4a' as it's not a positive integer
writeCommonTags: couldn't write 'year' tag to 'sandisk/youtube/playlists/bomberman-hero-ost/Bomberman Hero OST - Cell.m4a' as it's not a positive integer
writeCommonTags: couldn't write 'track' tag to 'sandisk/youtube/playlists/bomberman-hero-ost/Bomberman Hero OST - Cell.m4a' as it's not a positive integer
writeCommonTags: couldn't write 'year' tag to 'sandisk/youtube/playlists/bomberman-hero-ost/Bomberman Hero OST - Cell.m4a' as it's not a positive integer
writeCommonTags: couldn't write 'track' tag to 'sandisk/youtube/playlists/bomberman-hero-ost/Bomberman Hero OST - Cell.m4a' as it's not a positive integer
writeCommonTags: couldn't write 'year' tag to 'sandisk/youtube/playlists/bomberman-hero-ost/Bomberman Hero OST - Dessert.m4a' as it's not a positive integer
writeCommonTags: couldn't write 'track' tag to 'sandisk/youtube/playlists/bomberman-hero-ost/Bomberman Hero OST - Dessert.m4a' as it's not a positive integer
writeCommonTags: couldn't write 'year' tag to 'sandisk/youtube/playlists/bomberman-hero-ost/Bomberman Hero OST - Fatidic.m4a' as it's not a positive integer
writeCommonTags: couldn't write 'track' tag to 'sandisk/youtube/playlists/bomberman-hero-ost/Bomberman Hero OST - Fatidic.m4a' as it's not a positive integer
writeCommonTags: couldn't write 'year' tag to 'sandisk/youtube/playlists/bomberman-hero-ost/Bomberman Hero OST - Foehn.m4a' as it's not a positive integer
writeCommonTags: couldn't write 'track' tag to 'sandisk/youtube/playlists/bomberman-hero-ost/Bomberman Hero OST - Foehn.m4a' as it's not a positive integer
writeCommonTags: couldn't write 'year' tag to 'sandisk/youtube/playlists/bomberman-hero-ost/Bomberman Hero OST - Landlord.m4a' as it's not a positive integer
writeCommonTags: couldn't write 'track' tag to 'sandisk/youtube/playlists/bomberman-hero-ost/Bomberman Hero OST - Landlord.m4a' as it's not a positive integer
writeCommonTags: couldn't write 'year' tag to 'sandisk/youtube/playlists/bomberman-hero-ost/Bomberman Hero OST - Milky.m4a' as it's not a positive integer
writeCommonTags: couldn't write 'track' tag to 'sandisk/youtube/playlists/bomberman-hero-ost/Bomberman Hero OST - Milky.m4a' as it's not a positive integer
writeCommonTags: couldn't write 'year' tag to 'sandisk/youtube/playlists/bomberman-hero-ost/Bomberman Hero OST - Mimesis.m4a' as it's not a positive integer
writeCommonTags: couldn't write 'track' tag to 'sandisk/youtube/playlists/bomberman-hero-ost/Bomberman Hero OST - Mimesis.m4a' as it's not a positive integer
writeCommonTags: couldn't write 'year' tag to 'sandisk/youtube/playlists/bomberman-hero-ost/Bomberman Hero OST - Monogenic.m4a' as it's not a positive integer
writeCommonTags: couldn't write 'track' tag to 'sandisk/youtube/playlists/bomberman-hero-ost/Bomberman Hero OST - Monogenic.m4a' as it's not a positive integer
writeCommonTags: couldn't write 'year' tag to 'sandisk/youtube/playlists/bomberman-hero-ost/Bomberman Hero OST - Ooze.m4a' as it's not a positive integer
writeCommonTags: couldn't write 'track' tag to 'sandisk/youtube/playlists/bomberman-hero-ost/Bomberman Hero OST - Ooze.m4a' as it's not a positive integer
writeCommonTags: couldn't write 'year' tag to 'sandisk/youtube/playlists/bomberman-hero-ost/Bomberman Hero OST - Oropharynx.m4a' as it's not a positive integer
writeCommonTags: couldn't write 'track' tag to 'sandisk/youtube/playlists/bomberman-hero-ost/Bomberman Hero OST - Oropharynx.m4a' as it's not a positive integer
writeCommonTags: couldn't write 'year' tag to 'sandisk/youtube/playlists/bomberman-hero-ost/Bomberman Hero OST - Realtor.m4a' as it's not a positive integer
writeCommonTags: couldn't write 'track' tag to 'sandisk/youtube/playlists/bomberman-hero-ost/Bomberman Hero OST - Realtor.m4a' as it's not a positive integer
writeCommonTags: couldn't write 'year' tag to 'sandisk/youtube/playlists/bomberman-hero-ost/Bomberman Hero OST - Redial.m4a' as it's not a positive integer
writeCommonTags: couldn't write 'track' tag to 'sandisk/youtube/playlists/bomberman-hero-ost/Bomberman Hero OST - Redial.m4a' as it's not a positive integer
writeCommonTags: couldn't write 'year' tag to 'sandisk/youtube/playlists/bomberman-hero-ost/Bomberman Hero OST - Spiral.m4a' as it's not a positive integer
writeCommonTags: couldn't write 'track' tag to 'sandisk/youtube/playlists/bomberman-hero-ost/Bomberman Hero OST - Spiral.m4a' as it's not a positive integer
writeCommonTags: couldn't write 'year' tag to 'sandisk/youtube/playlists/bomberman-hero-ost/Bomberman Hero OST - Supplement.m4a' as it's not a positive integer
writeCommonTags: couldn't write 'track' tag to 'sandisk/youtube/playlists/bomberman-hero-ost/Bomberman Hero OST - Supplement.m4a' as it's not a positive integer
writeCommonTags: couldn't write 'year' tag to 'sandisk/youtube/playlists/bomberman-hero-ost/Bomberman Hero OST - Tripod.m4a' as it's not a positive integer
writeCommonTags: couldn't write 'track' tag to 'sandisk/youtube/playlists/bomberman-hero-ost/Bomberman Hero OST - Tripod.m4a' as it's not a positive integer
writeCommonTags: couldn't write 'year' tag to 'sandisk/youtube/playlists/bomberman-hero-ost/Bomberman Hero OST - Wok.m4a' as it's not a positive integer
writeCommonTags: couldn't write 'track' tag to 'sandisk/youtube/playlists/bomberman-hero-ost/Bomberman Hero OST - Wok.m4a' as it's not a positive integer
writeCommonTags: couldn't write 'year' tag to 'sandisk/youtube/playlists/bomberman-hero-ost/Bomberman Hero OST - Zip.m4a' as it's not a positive integer
writeCommonTags: couldn't write 'track' tag to 'sandisk/youtube/playlists/bomberman-hero-ost/Bomberman Hero OST - Zip.m4a' as it's not a positive integer
